<?xml version="1.0" encoding="UTF-8"?>
<testsuite name="AppTest" tests="1" skipped="0" failures="0" errors="0" timestamp="2016-02-11T21:36:43" hostname="epicodus-59.local" time="0.011">
  <properties/>
  <testcase name="giveChange_25cents_1quarter" classname="AppTest" time="0.011"/>
  <system-out><![CDATA[]]></system-out>
  <system-err><![CDATA[[Thread-4] INFO spark.webserver.SparkServer - == Spark has ignited ...
[Thread-4] INFO spark.webserver.SparkServer - >> Listening on 0.0.0.0:4567
[Thread-4] INFO org.eclipse.jetty.server.Server - jetty-9.0.2.v20130417
[Thread-4] INFO org.eclipse.jetty.server.ServerConnector - Started ServerConnector@5da99e08{HTTP/1.1}{0.0.0.0:4567}
[Test worker] INFO spark.webserver.SparkServer - >>> Spark shutting down ...
[Test worker] INFO org.eclipse.jetty.server.Server - Graceful shutdown org.eclipse.jetty.server.Server@d59a511 by 
[Test worker] INFO org.eclipse.jetty.server.ServerConnector - Stopped ServerConnector@5da99e08{HTTP/1.1}{0.0.0.0:4567}
[Test worker] INFO spark.webserver.SparkServer - done
]]></system-err>
</testsuite>
