<?xml version="1.0" encoding="UTF-8"?>
<testsuite name="AppTest" tests="2" skipped="0" failures="0" errors="0" timestamp="2016-02-11T19:02:46" hostname="epicodus-59.local" time="0.009">
  <properties/>
  <testcase name="giveChange_45cents_1quarter2dimes" classname="AppTest" time="0.003"/>
  <testcase name="giveChange_25cents_1quarter" classname="AppTest" time="0.0"/>
  <system-out><![CDATA[]]></system-out>
  <system-err><![CDATA[]]></system-err>
</testsuite>
